2026-01-31 10:38:07,208 - tensorflow - WARNING - 5 out of the last 13 calls to <function TensorFlowTrainer.make_predict_function.<locals>.one_step_on_data_distributed at 0x7a3a62f2a840> triggered tf.function retracing. Tracing is expensive and the excessive number of tracings could be due to (1) creating @tf.function repeatedly in a loop, (2) passing tensors with different shapes, (3) passing Python objects instead of tensors. For (1), please define your @tf.function outside of the loop. For (2), @tf.function has reduce_retracing=True option that can avoid unnecessary retracing. For (3), please refer to https://www.tensorflow.org/guide/function#controlling_retracing and https://www.tensorflow.org/api_docs/python/tf/function for  more details.
2026-01-31 10:38:17,090 - tensorflow - WARNING - 5 out of the last 13 calls to <function TensorFlowTrainer.make_predict_function.<locals>.one_step_on_data_distributed at 0x7a3a6124c5e0> triggered tf.function retracing. Tracing is expensive and the excessive number of tracings could be due to (1) creating @tf.function repeatedly in a loop, (2) passing tensors with different shapes, (3) passing Python objects instead of tensors. For (1), please define your @tf.function outside of the loop. For (2), @tf.function has reduce_retracing=True option that can avoid unnecessary retracing. For (3), please refer to https://www.tensorflow.org/guide/function#controlling_retracing and https://www.tensorflow.org/api_docs/python/tf/function for  more details.
2026-01-31 10:44:40,854 - pyswarms.discrete.binary - INFO - Optimize for 30 iters with {'c1': 2, 'c2': 2, 'w': 0.9, 'k': 10, 'p': 2}
2026-01-31 10:54:02,699 - pyswarms.discrete.binary - INFO - Optimization finished | best cost: -0.8747927031509122, best pos: [0 0 1 1 1 1 1 1 1 1 0 0 1 1 1 0 1 0 1 1 1 1 1]
2026-01-31 10:54:02,897 - pyswarms.discrete.binary - INFO - Optimize for 30 iters with {'c1': 2, 'c2': 2, 'w': 0.9, 'k': 10, 'p': 2}
2026-01-31 11:01:55,250 - pyswarms.discrete.binary - INFO - Optimization finished | best cost: -0.8837479270315092, best pos: [0 0 0 1 0 1 1 0 0 0 0 0 1 0 1 1 1 0 1 1 1 1 0]
2026-01-31 11:01:55,433 - pyswarms.discrete.binary - INFO - Optimize for 30 iters with {'c1': 2, 'c2': 2, 'w': 0.9, 'k': 10, 'p': 2}
2026-01-31 11:06:03,065 - pyswarms.discrete.binary - INFO - Optimization finished | best cost: -0.8792924267551132, best pos: [1 0 1 1 0 1 0 1 1 1 1 0 1 0 1 1 1 0 0 0 1 0 0]
2026-01-31 11:06:03,232 - pyswarms.discrete.binary - INFO - Optimize for 10 iters with {'c1': 2, 'c2': 2, 'w': 0.9, 'k': 10, 'p': 2}
2026-01-31 11:11:16,598 - pyswarms.discrete.binary - INFO - Optimization finished | best cost: -0.8869047619047619, best pos: [1 1 1 1 0 0 1 1 1 1 0 1 0 0 1 1 0 1 1 1 0 0 1]
2026-01-31 11:11:19,465 - pyswarms.discrete.binary - INFO - Optimize for 30 iters with {'c1': 2, 'c2': 2, 'w': 0.9, 'k': 10, 'p': 2}
2026-01-31 11:20:39,705 - pyswarms.discrete.binary - INFO - Optimization finished | best cost: -0.8747816473189607, best pos: [0 0 1 1 1 1 1 1 0 1 1 1 1 1 1 1 1 0 1 1 1 0 1]
2026-01-31 11:20:39,868 - pyswarms.discrete.binary - INFO - Optimize for 30 iters with {'c1': 2, 'c2': 2, 'w': 0.9, 'k': 10, 'p': 2}
2026-01-31 11:28:34,568 - pyswarms.discrete.binary - INFO - Optimization finished | best cost: -0.8837479270315092, best pos: [0 0 0 1 0 1 1 0 0 1 0 0 1 0 1 1 1 1 1 1 1 0 1]
2026-01-31 11:28:34,759 - pyswarms.discrete.binary - INFO - Optimize for 30 iters with {'c1': 2, 'c2': 2, 'w': 0.9, 'k': 10, 'p': 2}
2026-01-31 11:32:35,241 - pyswarms.discrete.binary - INFO - Optimization finished | best cost: -0.8792813709231619, best pos: [1 0 0 1 0 1 1 1 1 0 0 0 1 1 0 1 0 0 0 0 1 0 0]
2026-01-31 11:32:35,376 - pyswarms.discrete.binary - INFO - Optimize for 10 iters with {'c1': 2, 'c2': 2, 'w': 0.9, 'k': 10, 'p': 2}
2026-01-31 11:37:49,346 - pyswarms.discrete.binary - INFO - Optimization finished | best cost: -0.8869047619047619, best pos: [0 1 1 1 1 0 1 0 0 0 0 0 0 1 0 1 0 1 1 1 1 1 0]
2026-01-31 11:37:52,240 - pyswarms.discrete.binary - INFO - Optimize for 30 iters with {'c1': 2, 'c2': 2, 'w': 0.9, 'k': 10, 'p': 2}
2026-01-31 11:47:32,720 - pyswarms.discrete.binary - INFO - Optimization finished | best cost: -0.8733112216694305, best pos: [0 0 1 1 1 1 1 0 1 1 1 0 1 1 0 1 0 1 1 1 1 0 0]
2026-01-31 11:47:32,897 - pyswarms.discrete.binary - INFO - Optimize for 30 iters with {'c1': 2, 'c2': 2, 'w': 0.9, 'k': 10, 'p': 2}
2026-01-31 11:55:21,303 - pyswarms.discrete.binary - INFO - Optimization finished | best cost: -0.885240464344942, best pos: [1 0 0 1 0 1 1 0 0 1 0 0 1 0 1 1 1 0 1 0 1 0 0]
2026-01-31 11:55:21,486 - pyswarms.discrete.binary - INFO - Optimize for 30 iters with {'c1': 2, 'c2': 2, 'w': 0.9, 'k': 10, 'p': 2}
2026-01-31 11:59:14,582 - pyswarms.discrete.binary - INFO - Optimization finished | best cost: -0.8778109452736318, best pos: [0 0 1 1 1 1 1 0 0 1 1 0 1 0 1 0 1 1 0 1 1 0 0]
2026-01-31 11:59:14,751 - pyswarms.discrete.binary - INFO - Optimize for 10 iters with {'c1': 2, 'c2': 2, 'w': 0.9, 'k': 10, 'p': 2}
2026-01-31 12:04:29,015 - pyswarms.discrete.binary - INFO - Optimization finished | best cost: -0.8869047619047619, best pos: [0 0 0 1 0 1 0 0 1 1 1 1 1 1 1 1 0 1 1 1 1 1 1]
2026-01-31 12:04:31,941 - pyswarms.discrete.binary - INFO - Optimize for 30 iters with {'c1': 2, 'c2': 2, 'w': 0.9, 'k': 10, 'p': 2}
2026-01-31 12:11:54,564 - pyswarms.discrete.binary - INFO - Optimization finished | best cost: -0.8747927031509122, best pos: [0 0 1 1 1 1 1 1 1 1 1 0 1 1 1 0 0 0 1 1 1 1 0]
2026-01-31 12:11:54,707 - pyswarms.discrete.binary - INFO - Optimize for 30 iters with {'c1': 2, 'c2': 2, 'w': 0.9, 'k': 10, 'p': 2}
2026-01-31 12:19:51,666 - pyswarms.discrete.binary - INFO - Optimization finished | best cost: -0.8807739082365946, best pos: [0 0 0 1 0 1 1 1 0 0 0 0 1 1 1 0 1 1 0 1 1 1 0]
2026-01-31 12:19:51,856 - pyswarms.discrete.binary - INFO - Optimize for 30 iters with {'c1': 2, 'c2': 2, 'w': 0.9, 'k': 10, 'p': 2}
2026-01-31 12:24:15,558 - pyswarms.discrete.binary - INFO - Optimization finished | best cost: -0.8807739082365948, best pos: [1 0 0 1 0 1 1 0 1 1 0 0 1 1 1 1 1 0 0 1 1 0 0]
2026-01-31 12:24:15,702 - pyswarms.discrete.binary - INFO - Optimize for 10 iters with {'c1': 2, 'c2': 2, 'w': 0.9, 'k': 10, 'p': 2}
2026-01-31 12:29:53,875 - pyswarms.discrete.binary - INFO - Optimization finished | best cost: -0.8809523809523809, best pos: [1 0 1 1 0 1 1 0 1 1 1 1 1 0 1 1 0 0 0 1 1 0 1]
2026-01-31 12:29:56,972 - pyswarms.discrete.binary - INFO - Optimize for 30 iters with {'c1': 2, 'c2': 2, 'w': 0.9, 'k': 10, 'p': 2}
2026-01-31 12:38:03,612 - pyswarms.discrete.binary - INFO - Optimization finished | best cost: -0.8733112216694305, best pos: [0 0 1 1 1 1 1 0 1 1 1 1 0 0 0 1 1 0 1 1 1 0 0]
2026-01-31 12:38:03,816 - pyswarms.discrete.binary - INFO - Optimize for 30 iters with {'c1': 2, 'c2': 2, 'w': 0.9, 'k': 10, 'p': 2}
2026-01-31 12:45:59,293 - pyswarms.discrete.binary - INFO - Optimization finished | best cost: -0.8867330016583749, best pos: [0 0 0 1 0 1 1 0 0 1 0 0 1 1 1 1 1 1 0 1 1 0 0]
2026-01-31 12:45:59,564 - pyswarms.discrete.binary - INFO - Optimize for 30 iters with {'c1': 2, 'c2': 2, 'w': 0.9, 'k': 10, 'p': 2}
2026-01-31 12:50:03,619 - pyswarms.discrete.binary - INFO - Optimization finished | best cost: -0.8822553897180763, best pos: [0 0 1 1 1 1 0 0 1 1 1 0 1 0 1 1 0 0 0 1 1 0 1]
2026-01-31 12:50:03,826 - pyswarms.discrete.binary - INFO - Optimize for 10 iters with {'c1': 2, 'c2': 2, 'w': 0.9, 'k': 10, 'p': 2}
2026-01-31 12:55:51,304 - pyswarms.discrete.binary - INFO - Optimization finished | best cost: -0.8869047619047619, best pos: [0 1 1 1 1 0 0 0 0 1 0 1 0 1 1 1 0 1 1 1 1 0 1]
2026-01-31 13:03:39,545 - pyswarms.discrete.binary - INFO - Optimize for 30 iters with {'c1': 2, 'c2': 2, 'w': 0.9, 'k': 10, 'p': 2}
2026-01-31 13:20:20,017 - pyswarms.discrete.binary - INFO - Optimization finished | best cost: -0.8907692307692308, best pos: [1 0 1 1 0 1 1 0 1 0 1 1 1 0]
2026-01-31 13:20:20,396 - pyswarms.discrete.binary - INFO - Optimize for 30 iters with {'c1': 2, 'c2': 2, 'w': 0.9, 'k': 10, 'p': 2}
2026-01-31 13:28:29,549 - pyswarms.discrete.binary - INFO - Optimization finished | best cost: -0.8869313482216707, best pos: [0 1 1 1 0 0 0 0 1 1 0 1 1 1]
2026-01-31 13:28:29,806 - pyswarms.discrete.binary - INFO - Optimize for 30 iters with {'c1': 2, 'c2': 2, 'w': 0.9, 'k': 10, 'p': 2}
2026-01-31 13:32:03,718 - pyswarms.discrete.binary - INFO - Optimization finished | best cost: -0.8856410256410256, best pos: [0 0 1 0 0 0 0 1 0 0 0 1 1 1]
2026-01-31 13:32:03,884 - pyswarms.discrete.binary - INFO - Optimize for 10 iters with {'c1': 2, 'c2': 2, 'w': 0.9, 'k': 10, 'p': 2}
2026-01-31 13:38:05,587 - pyswarms.discrete.binary - INFO - Optimization finished | best cost: -0.8869047619047619, best pos: [1 1 1 0 0 1 0 1 1 0 1 0 1 0]
2026-01-31 13:38:08,824 - pyswarms.discrete.binary - INFO - Optimize for 30 iters with {'c1': 2, 'c2': 2, 'w': 0.9, 'k': 10, 'p': 2}
2026-01-31 13:55:51,950 - pyswarms.discrete.binary - INFO - Optimization finished | best cost: -0.8907692307692308, best pos: [1 0 1 0 0 1 1 0 1 1 1 1 1 1]
2026-01-31 13:55:52,501 - pyswarms.discrete.binary - INFO - Optimize for 30 iters with {'c1': 2, 'c2': 2, 'w': 0.9, 'k': 10, 'p': 2}
2026-01-31 14:03:54,584 - pyswarms.discrete.binary - INFO - Optimization finished | best cost: -0.8869230769230769, best pos: [0 0 1 0 0 1 0 0 1 0 0 1 1 0]
2026-01-31 14:03:54,856 - pyswarms.discrete.binary - INFO - Optimize for 30 iters with {'c1': 2, 'c2': 2, 'w': 0.9, 'k': 10, 'p': 2}
2026-01-31 14:07:31,892 - pyswarms.discrete.binary - INFO - Optimization finished | best cost: -0.8869230769230769, best pos: [0 0 1 0 0 0 0 1 1 0 0 1 1 0]
2026-01-31 14:07:32,040 - pyswarms.discrete.binary - INFO - Optimize for 10 iters with {'c1': 2, 'c2': 2, 'w': 0.9, 'k': 10, 'p': 2}
2026-01-31 14:13:50,584 - pyswarms.discrete.binary - INFO - Optimization finished | best cost: -0.8928571428571429, best pos: [1 0 1 1 1 0 1 1 1 1 1 1 1 0]
2026-01-31 14:13:53,968 - pyswarms.discrete.binary - INFO - Optimize for 30 iters with {'c1': 2, 'c2': 2, 'w': 0.9, 'k': 10, 'p': 2}
2026-01-31 14:30:07,760 - pyswarms.discrete.binary - INFO - Optimization finished | best cost: -0.8894871794871794, best pos: [1 0 1 1 0 1 1 1 0 0 1 1 1 1]
2026-01-31 14:30:08,312 - pyswarms.discrete.binary - INFO - Optimize for 30 iters with {'c1': 2, 'c2': 2, 'w': 0.9, 'k': 10, 'p': 2}
2026-01-31 14:38:21,592 - pyswarms.discrete.binary - INFO - Optimization finished | best cost: -0.8869313482216707, best pos: [0 1 1 1 0 0 0 0 1 1 0 1 1 0]
2026-01-31 14:38:21,875 - pyswarms.discrete.binary - INFO - Optimize for 30 iters with {'c1': 2, 'c2': 2, 'w': 0.9, 'k': 10, 'p': 2}
2026-01-31 14:42:07,447 - pyswarms.discrete.binary - INFO - Optimization finished | best cost: -0.8882051282051282, best pos: [0 0 1 0 0 0 1 0 1 0 0 1 1 0]
2026-01-31 14:42:07,540 - pyswarms.discrete.binary - INFO - Optimize for 10 iters with {'c1': 2, 'c2': 2, 'w': 0.9, 'k': 10, 'p': 2}
2026-01-31 14:48:23,213 - pyswarms.discrete.binary - INFO - Optimization finished | best cost: -0.8869047619047619, best pos: [1 0 1 0 1 0 1 1 1 1 1 1 0 0]
2026-01-31 14:48:26,547 - pyswarms.discrete.binary - INFO - Optimize for 30 iters with {'c1': 2, 'c2': 2, 'w': 0.9, 'k': 10, 'p': 2}
2026-01-31 15:09:28,772 - pyswarms.discrete.binary - INFO - Optimization finished | best cost: -0.8894871794871794, best pos: [1 1 1 1 1 1 1 1 1 1 0 1 1 0]
2026-01-31 15:09:29,431 - pyswarms.discrete.binary - INFO - Optimize for 30 iters with {'c1': 2, 'c2': 2, 'w': 0.9, 'k': 10, 'p': 2}
2026-01-31 15:17:35,038 - pyswarms.discrete.binary - INFO - Optimization finished | best cost: -0.8882051282051282, best pos: [0 0 1 0 0 0 0 0 1 0 1 1 1 0]
2026-01-31 15:17:35,319 - pyswarms.discrete.binary - INFO - Optimize for 30 iters with {'c1': 2, 'c2': 2, 'w': 0.9, 'k': 10, 'p': 2}
2026-01-31 15:21:23,279 - pyswarms.discrete.binary - INFO - Optimization finished | best cost: -0.8856410256410256, best pos: [0 0 1 1 0 1 0 0 1 0 0 0 1 0]
2026-01-31 15:21:23,446 - pyswarms.discrete.binary - INFO - Optimize for 10 iters with {'c1': 2, 'c2': 2, 'w': 0.9, 'k': 10, 'p': 2}
2026-01-31 15:27:21,660 - pyswarms.discrete.binary - INFO - Optimization finished | best cost: -0.8869047619047619, best pos: [1 0 1 0 1 0 1 0 1 1 1 0 1 1]
2026-01-31 15:27:24,848 - pyswarms.discrete.binary - INFO - Optimize for 30 iters with {'c1': 2, 'c2': 2, 'w': 0.9, 'k': 10, 'p': 2}
2026-01-31 15:43:36,296 - pyswarms.discrete.binary - INFO - Optimization finished | best cost: -0.8907692307692308, best pos: [1 0 1 0 0 1 0 0 1 1 1 1 1 0]
2026-01-31 15:43:36,682 - pyswarms.discrete.binary - INFO - Optimize for 30 iters with {'c1': 2, 'c2': 2, 'w': 0.9, 'k': 10, 'p': 2}
2026-01-31 15:51:31,538 - pyswarms.discrete.binary - INFO - Optimization finished | best cost: -0.8882051282051282, best pos: [0 0 1 0 0 0 0 0 1 0 1 1 1 0]
2026-01-31 15:51:31,740 - pyswarms.discrete.binary - INFO - Optimize for 30 iters with {'c1': 2, 'c2': 2, 'w': 0.9, 'k': 10, 'p': 2}
2026-01-31 15:54:52,087 - pyswarms.discrete.binary - INFO - Optimization finished | best cost: -0.8882051282051282, best pos: [0 0 1 0 0 0 1 0 1 0 0 1 1 0]
2026-01-31 15:54:52,164 - pyswarms.discrete.binary - INFO - Optimize for 10 iters with {'c1': 2, 'c2': 2, 'w': 0.9, 'k': 10, 'p': 2}
2026-01-31 16:01:09,264 - pyswarms.discrete.binary - INFO - Optimization finished | best cost: -0.8869047619047619, best pos: [1 1 1 1 1 0 0 0 1 1 1 1 1 1]
2026-01-31 16:01:12,482 - absl - WARNING - You are saving your model as an HDF5 file via `model.save()` or `keras.saving.save_model(model)`. This file format is considered legacy. We recommend using instead the native Keras format, e.g. `model.save('my_model.keras')` or `keras.saving.save_model(model, 'my_model.keras')`. 
2026-01-31 16:01:35,399 - pyswarms.discrete.binary - INFO - Optimize for 5 iters with {'c1': 2, 'c2': 2, 'w': 0.9, 'k': 10, 'p': 2}
2026-01-31 16:02:21,458 - pyswarms.discrete.binary - INFO - Optimization finished | best cost: -0.8894871794871794, best pos: [1 1 1 1 1 1 0 1 1 0 1 0 1 0]
2026-01-31 16:02:22,351 - pyswarms.discrete.binary - INFO - Optimize for 5 iters with {'c1': 2, 'c2': 2, 'w': 0.9, 'k': 10, 'p': 2}
2026-01-31 16:03:04,197 - pyswarms.discrete.binary - INFO - Optimization finished | best cost: -0.8830769230769231, best pos: [0 1 1 0 0 0 0 0 1 1 0 1 1 1]
2026-01-31 16:03:04,557 - pyswarms.discrete.binary - INFO - Optimize for 5 iters with {'c1': 2, 'c2': 2, 'w': 0.9, 'k': 10, 'p': 2}
2026-01-31 16:03:22,168 - pyswarms.discrete.binary - INFO - Optimization finished | best cost: -0.8792224979321753, best pos: [0 0 1 1 0 1 0 1 1 1 1 1 1 1]
2026-01-31 16:03:23,186 - pyswarms.discrete.binary - INFO - Optimize for 5 iters with {'c1': 2, 'c2': 2, 'w': 0.9, 'k': 10, 'p': 2}
2026-01-31 16:05:12,469 - pyswarms.discrete.binary - INFO - Optimization finished | best cost: -0.8907692307692308, best pos: [1 1 1 1 0 1 0 0 1 0 0 1 1 0]
2026-01-31 16:05:13,556 - pyswarms.discrete.binary - INFO - Optimize for 5 iters with {'c1': 2, 'c2': 2, 'w': 0.9, 'k': 10, 'p': 2}
2026-01-31 16:08:15,146 - pyswarms.discrete.binary - INFO - Optimization finished | best cost: -0.8869047619047619, best pos: [1 1 1 0 0 1 1 1 1 1 1 0 1 1]
